<?xml version="1.0" encoding="UTF-8"?>
<!-- Generated by org.testng.reporters.JUnitReportReporter -->
<testsuite hostname="SSTDEVLT0010" failures="0" tests="1" name="tests.pages_PHY.PHY_04_Administration_Edit_Test" time="33.900" errors="0" timestamp="2025-02-17T16:39:18 IST" skipped="0">
  <testcase classname="tests.pages_PHY.PHY_04_Administration_Edit_Test" name="editCOE_Test" time="33.900"/>
</testsuite> <!-- tests.pages_PHY.PHY_04_Administration_Edit_Test -->
